<?xml version="1.0" encoding="UTF-8"?>
<!-- Generated by org.testng.reporters.JUnitReportReporter -->
<testsuite hostname="LAPTOP-5KMFOFH9" failures="0" tests="1" name="com.APIScenarios.TestWithParameters" time="3.898" errors="0" timestamp="2024-11-26T21:28:49 IST" skipped="0">
  <testcase classname="com.APIScenarios.TestWithParameters" name="testQueryPathParameters" time="3.898"/>
  <system-out/>
</testsuite> <!-- com.APIScenarios.TestWithParameters -->
