<?xml version="1.0" encoding="UTF-8"?>
<!-- Generated by org.testng.reporters.JUnitReportReporter -->
<testsuite hostname="LAPTOP-5KMFOFH9" failures="0" tests="1" name="com.TestMobileFeature.DragGesture" time="16.388" errors="0" timestamp="2024-12-03T21:48:27 IST" skipped="0">
  <testcase classname="com.TestMobileFeature.DragGesture" name="testDragAndDrop" time="16.388"/>
  <system-out/>
</testsuite> <!-- com.TestMobileFeature.DragGesture -->
