<?xml version="1.0" encoding="UTF-8"?>
<!-- Generated by org.testng.reporters.JUnitReportReporter -->
<testsuite hostname="LAPTOP-5KMFOFH9" failures="0" tests="1" name="com.TestMobileScenarios.TestNetworkConfiguration" time="20.135" errors="0" timestamp="2024-12-06T21:08:05 IST" skipped="0">
  <testcase classname="com.TestMobileScenarios.TestNetworkConfiguration" name="testNetworkConfig" time="20.135"/>
  <system-out/>
</testsuite> <!-- com.TestMobileScenarios.TestNetworkConfiguration -->
