<?xml version="1.0" encoding="UTF-8"?>
<!-- Generated by org.testng.reporters.JUnitReportReporter -->
<testsuite hostname="LAPTOP-5KMFOFH9" failures="0" tests="1" name="com.APIScenarios.AuthenticationTest" time="3.858" errors="0" timestamp="2024-11-26T22:21:41 IST" skipped="0">
  <testcase classname="com.APIScenarios.AuthenticationTest" name="testBasicAuthentication" time="3.858"/>
  <system-out/>
</testsuite> <!-- com.APIScenarios.AuthenticationTest -->
