<?xml version="1.0" encoding="UTF-8"?>
<!-- Generated by org.testng.reporters.JUnitReportReporter -->
<testsuite hostname="LAPTOP-5KMFOFH9" failures="0" tests="1" name="com.TestMobileFeature.SwipeGesture" time="16.881" errors="0" timestamp="2024-12-03T21:28:49 IST" skipped="0">
  <testcase classname="com.TestMobileFeature.SwipeGesture" name="testSwipe" time="16.881"/>
  <system-out/>
</testsuite> <!-- com.TestMobileFeature.SwipeGesture -->
