<?xml version="1.0" encoding="UTF-8"?>
<!-- Generated by org.testng.reporters.JUnitReportReporter -->
<testsuite hostname="LAPTOP-5KMFOFH9" failures="0" tests="1" name="com.TestMobileFeature.TestKeyEventClass" time="21.596" errors="0" timestamp="2024-12-03T22:25:11 IST" skipped="0">
  <testcase classname="com.TestMobileFeature.TestKeyEventClass" name="testKeyBoardAction" time="21.596"/>
  <system-out/>
</testsuite> <!-- com.TestMobileFeature.TestKeyEventClass -->
