<?xml version="1.0" encoding="UTF-8"?>
<!-- Generated by org.testng.reporters.JUnitReportReporter -->
<testsuite hostname="LAPTOP-5KMFOFH9" failures="0" tests="1" name="com.Scenario1.DropDownWithoutSelectTag" time="10.475" errors="0" timestamp="2024-12-10T21:37:17 IST" skipped="0">
  <testcase classname="com.Scenario1.DropDownWithoutSelectTag" name="testDropdown" time="10.475"/>
  <system-out/>
</testsuite> <!-- com.Scenario1.DropDownWithoutSelectTag -->
