<?xml version="1.0" encoding="UTF-8"?>
<!-- Generated by org.testng.reporters.JUnitReportReporter -->
<testsuite hostname="LAPTOP-5KMFOFH9" failures="0" tests="1" name="com.TestMobileFeature.LongClickGesture" time="18.630" errors="0" timestamp="2024-12-03T21:38:19 IST" skipped="0">
  <testcase classname="com.TestMobileFeature.LongClickGesture" name="testLongClick" time="18.630"/>
  <system-out/>
</testsuite> <!-- com.TestMobileFeature.LongClickGesture -->
