<?xml version="1.0" encoding="UTF-8"?>
<!-- Generated by org.testng.reporters.JUnitReportReporter -->
<testsuite hostname="LAPTOP-5KMFOFH9" failures="0" tests="1" name="com.TestMobileFeature.SwipeGesture" time="18.858" errors="0" timestamp="2024-12-06T22:11:18 IST" skipped="0">
  <testcase classname="com.TestMobileFeature.SwipeGesture" name="testSwipe" time="18.858"/>
  <system-out/>
</testsuite> <!-- com.TestMobileFeature.SwipeGesture -->
