<?xml version="1.0" encoding="UTF-8"?>
<!-- Generated by org.testng.reporters.JUnitReportReporter -->
<testsuite hostname="LAPTOP-5KMFOFH9" failures="0" tests="5" name="com.Scenario1.HrmLogic" time="0.014" errors="0" timestamp="2024-12-10T20:57:52 IST" skipped="0">
  <testcase classname="com.Scenario1.HrmLogic" name="testLogin" time="0.007"/>
  <system-out/>
  <testcase classname="com.Scenario1.HrmLogic" name="testLogin" time="0.001"/>
  <system-out/>
  <testcase classname="com.Scenario1.HrmLogic" name="testLogin" time="0.001"/>
  <system-out/>
  <testcase classname="com.Scenario1.HrmLogic" name="testLogin" time="0.005"/>
  <system-out/>
  <testcase classname="com.Scenario1.HrmLogic" name="testLogin" time="0.000"/>
  <system-out/>
</testsuite> <!-- com.Scenario1.HrmLogic -->
