<?xml version="1.0" encoding="UTF-8"?>
<!-- Generated by org.testng.reporters.JUnitReportReporter -->
<testsuite hostname="LAPTOP-5KMFOFH9" failures="0" tests="5" name="com.ReastAPITest.NewTestHotelAPISUWithAPIChaining" time="9.682" errors="0" timestamp="2024-11-26T21:11:22 IST" skipped="0">
  <testcase classname="com.ReastAPITest.NewTestHotelAPISUWithAPIChaining" name="getAllBookingIds" time="3.672"/>
  <system-out/>
  <testcase classname="com.ReastAPITest.NewTestHotelAPISUWithAPIChaining" name="createNewBooking" time="2.637"/>
  <system-out/>
  <testcase classname="com.ReastAPITest.NewTestHotelAPISUWithAPIChaining" name="createToken" time="1.130"/>
  <system-out/>
  <testcase classname="com.ReastAPITest.NewTestHotelAPISUWithAPIChaining" name="partialUpdate" time="1.125"/>
  <system-out/>
  <testcase classname="com.ReastAPITest.NewTestHotelAPISUWithAPIChaining" name="deleteBooking" time="1.118"/>
  <system-out/>
</testsuite> <!-- com.ReastAPITest.NewTestHotelAPISUWithAPIChaining -->
