<?xml version="1.0" encoding="UTF-8"?>
<!-- Generated by org.testng.reporters.JUnitReportReporter -->
<testsuite hostname="LAPTOP-5KMFOFH9" failures="0" tests="1" name="com.APIScenarios.SerializationWithDeserialization" time="0.419" errors="0" timestamp="2024-11-26T22:08:38 IST" skipped="0">
  <testcase classname="com.APIScenarios.SerializationWithDeserialization" name="testDeserialization" time="0.419"/>
  <system-out/>
</testsuite> <!-- com.APIScenarios.SerializationWithDeserialization -->
