<?xml version="1.0" encoding="UTF-8"?>
<!-- Generated by org.testng.reporters.JUnitReportReporter -->
<testsuite hostname="LAPTOP-5KMFOFH9" failures="0" tests="2" name="com.ReastAPITest.RequestWithNONBDD" time="4.230" errors="0" timestamp="2024-11-25T21:27:50 IST" skipped="1">
  <testcase classname="com.ReastAPITest.RequestWithNONBDD" name="testForListOfObjects" time="4.230"/>
  <system-out/>
  <testcase classname="com.ReastAPITest.RequestWithNONBDD" name="testSingleObject">
    <skipped/>
  </testcase> <!-- testSingleObject -->
  <system-out/>
</testsuite> <!-- com.ReastAPITest.RequestWithNONBDD -->
