<?xml version="1.0" encoding="UTF-8"?>
<!-- Generated by org.testng.reporters.JUnitReportReporter -->
<testsuite hostname="LAPTOP-5KMFOFH9" failures="0" tests="1" name="com.ReastAPITest.ResquestWithBDD" time="4.199" errors="0" timestamp="2024-11-25T21:42:51 IST" skipped="0">
  <testcase classname="com.ReastAPITest.ResquestWithBDD" name="testSingleObject" time="4.199"/>
  <system-out/>
</testsuite> <!-- com.ReastAPITest.ResquestWithBDD -->
