<?xml version="1.0" encoding="UTF-8"?>
<!-- Generated by org.testng.reporters.JUnitReportReporter -->
<testsuite hostname="LAPTOP-5KMFOFH9" failures="0" tests="1" name="com.Scenario1.ReadDataFromExcel" time="1.114" errors="0" timestamp="2024-12-10T20:51:17 IST" skipped="0">
  <testcase classname="com.Scenario1.ReadDataFromExcel" name="testFileRead" time="1.114"/>
  <system-out/>
</testsuite> <!-- com.Scenario1.ReadDataFromExcel -->
