<?xml version="1.0" encoding="UTF-8"?>
<!-- Generated by org.testng.reporters.JUnitReportReporter -->
<testsuite hostname="LAPTOP-5KMFOFH9" failures="0" tests="1" name="com.TestMobileFeature.TestMobileLocators" time="32.808" errors="0" timestamp="2024-12-02T22:08:24 IST" skipped="0">
  <testcase classname="com.TestMobileFeature.TestMobileLocators" name="testLocators" time="32.808"/>
  <system-out/>
</testsuite> <!-- com.TestMobileFeature.TestMobileLocators -->
