<?xml version="1.0" encoding="UTF-8"?>
<!-- Generated by org.testng.reporters.JUnitReportReporter -->
<testsuite hostname="LAPTOP-5KMFOFH9" failures="0" tests="2" name="com.APIScenarios.Headers_CookiesValidation" time="2.985" errors="0" timestamp="2024-11-26T21:55:54 IST" skipped="0">
  <testcase classname="com.APIScenarios.Headers_CookiesValidation" name="testHeaders" time="2.667"/>
  <system-out/>
  <testcase classname="com.APIScenarios.Headers_CookiesValidation" name="testCookies" time="0.318"/>
  <system-out/>
</testsuite> <!-- com.APIScenarios.Headers_CookiesValidation -->
