<?xml version="1.0" encoding="UTF-8"?>
<!-- Generated by org.testng.reporters.JUnitReportReporter -->
<testsuite hostname="LAPTOP-5KMFOFH9" failures="0" tests="1" name="com.APIScenarios.AuthenticationTest" time="5.283" errors="0" timestamp="2024-11-27T20:56:24 IST" skipped="0">
  <testcase classname="com.APIScenarios.AuthenticationTest" name="Oauth2Test" time="5.283"/>
  <system-out/>
</testsuite> <!-- com.APIScenarios.AuthenticationTest -->
