<?xml version="1.0" encoding="UTF-8"?>
<!-- Generated by org.testng.reporters.JUnitReportReporter -->
<testsuite hostname="LAPTOP-5KMFOFH9" failures="0" tests="1" name="com.ReastAPITest.WaysTORequestPayload" time="5.089" errors="0" timestamp="2024-11-25T22:18:53 IST" skipped="0">
  <testcase classname="com.ReastAPITest.WaysTORequestPayload" name="createTokenUsingPOJO" time="5.089"/>
  <system-out/>
</testsuite> <!-- com.ReastAPITest.WaysTORequestPayload -->
