<?xml version="1.0" encoding="UTF-8"?>
<!-- Generated by org.testng.reporters.JUnitReportReporter -->
<testsuite hostname="LAPTOP-5KMFOFH9" failures="0" tests="1" name="com.TestMobileFeature.ScrollGesture" time="20.038" errors="0" timestamp="2024-12-03T21:15:57 IST" skipped="0">
  <testcase classname="com.TestMobileFeature.ScrollGesture" name="testScroll" time="20.038"/>
  <system-out/>
</testsuite> <!-- com.TestMobileFeature.ScrollGesture -->
