<?xml version="1.0" encoding="UTF-8"?>
<!-- Generated by org.testng.reporters.JUnitReportReporter -->
<testsuite hostname="LAPTOP-5KMFOFH9" failures="0" tests="1" name="com.DriverSession.DriverSessionWithAppPackageActivity" time="11.536" errors="0" timestamp="2024-12-02T22:19:06 IST" skipped="0">
  <testcase classname="com.DriverSession.DriverSessionWithAppPackageActivity" name="testDriverSession" time="11.536"/>
  <system-out/>
</testsuite> <!-- com.DriverSession.DriverSessionWithAppPackageActivity -->
