<?xml version="1.0" encoding="UTF-8"?>
<!-- Generated by org.testng.reporters.JUnitReportReporter -->
<testsuite hostname="LAPTOP-5KMFOFH9" failures="0" tests="1" name="com.DriverSession.DriverSessionWithDesiredCapabilities" time="20.509" errors="0" timestamp="2024-12-02T20:51:18 IST" skipped="0">
  <testcase classname="com.DriverSession.DriverSessionWithDesiredCapabilities" name="testDriverSession" time="20.509"/>
  <system-out/>
</testsuite> <!-- com.DriverSession.DriverSessionWithDesiredCapabilities -->
