<?xml version="1.0" encoding="UTF-8"?>
<!-- Generated by org.testng.reporters.JUnitReportReporter -->
<testsuite hostname="LAPTOP-5KMFOFH9" failures="0" tests="10" name="com.TelecomProject.TelecomAPI" time="13.282" errors="0" timestamp="2024-12-16T21:38:37 IST" skipped="0">
  <testcase classname="com.TelecomProject.TelecomAPI" name="addNewUser" time="3.438"/>
  <system-out/>
  <testcase classname="com.TelecomProject.TelecomAPI" name="getProfile" time="1.115"/>
  <system-out/>
  <testcase classname="com.TelecomProject.TelecomAPI" name="updateUser" time="1.104"/>
  <system-out/>
  <testcase classname="com.TelecomProject.TelecomAPI" name="loginUser" time="1.098"/>
  <system-out/>
  <testcase classname="com.TelecomProject.TelecomAPI" name="addContact" time="1.106"/>
  <system-out/>
  <testcase classname="com.TelecomProject.TelecomAPI" name="getContactList" time="1.060"/>
  <system-out/>
  <testcase classname="com.TelecomProject.TelecomAPI" name="getContact" time="1.084"/>
  <system-out/>
  <testcase classname="com.TelecomProject.TelecomAPI" name="updateContact" time="1.094"/>
  <system-out/>
  <testcase classname="com.TelecomProject.TelecomAPI" name="updateContactpatch" time="1.089"/>
  <system-out/>
  <testcase classname="com.TelecomProject.TelecomAPI" name="logoutUser" time="1.094"/>
  <system-out/>
</testsuite> <!-- com.TelecomProject.TelecomAPI -->
