<?xml version="1.0" encoding="UTF-8"?>
<!-- Generated by org.testng.reporters.JUnitReportReporter -->
<testsuite hostname="LAPTOP-5KMFOFH9" failures="0" tests="1" name="com.TestMobileFeature.AlertHandling" time="19.266" errors="0" timestamp="2024-12-03T22:09:03 IST" skipped="0">
  <testcase classname="com.TestMobileFeature.AlertHandling" name="testAlertHandling" time="19.266"/>
  <system-out/>
</testsuite> <!-- com.TestMobileFeature.AlertHandling -->
