<?xml version="1.0" encoding="UTF-8"?>
<!-- Generated by org.testng.reporters.JUnitReportReporter -->
<testsuite hostname="LAPTOP-5KMFOFH9" failures="0" tests="1" name="com.TestMobileScenarios.Lock_Unlock_RotateDevice" time="16.292" errors="0" timestamp="2024-12-06T21:16:36 IST" skipped="0">
  <testcase classname="com.TestMobileScenarios.Lock_Unlock_RotateDevice" name="testBesicSetup" time="16.292"/>
  <system-out/>
</testsuite> <!-- com.TestMobileScenarios.Lock_Unlock_RotateDevice -->
