<?xml version="1.0" encoding="UTF-8"?>
<!-- Generated by org.testng.reporters.JUnitReportReporter -->
<testsuite hostname="LAPTOP-5KMFOFH9" failures="0" tests="2" name="com.ReastAPITest.TestHotelAPIS" time="5.920" errors="0" timestamp="2024-11-25T21:56:17 IST" skipped="0">
  <testcase classname="com.ReastAPITest.TestHotelAPIS" name="getAllBookingIds" time="3.775"/>
  <system-out/>
  <testcase classname="com.ReastAPITest.TestHotelAPIS" name="createNewBooking" time="2.145"/>
  <system-out/>
</testsuite> <!-- com.ReastAPITest.TestHotelAPIS -->
