<?xml version="1.0" encoding="UTF-8"?>
<!-- Generated by org.testng.reporters.JUnitReportReporter -->
<testsuite hostname="LAPTOP-5KMFOFH9" failures="0" tests="1" name="com.TestMobileScenarios.WorkingWithApplication" time="25.516" errors="0" timestamp="2024-12-06T22:01:01 IST" skipped="0">
  <testcase classname="com.TestMobileScenarios.WorkingWithApplication" name="testAppCommands" time="25.516"/>
  <system-out/>
</testsuite> <!-- com.TestMobileScenarios.WorkingWithApplication -->
