<?xml version="1.0" encoding="UTF-8"?>
<!-- Generated by org.testng.reporters.JUnitReportReporter -->
<testsuite hostname="LAPTOP-5KMFOFH9" failures="0" tests="1" name="com.TestMobileScenarios.TestNotificationsInDevice" time="15.609" errors="0" timestamp="2024-12-06T20:48:52 IST" skipped="0">
  <testcase classname="com.TestMobileScenarios.TestNotificationsInDevice" name="testNotifications" time="15.609"/>
  <system-out/>
</testsuite> <!-- com.TestMobileScenarios.TestNotificationsInDevice -->
