<?xml version="1.0" encoding="UTF-8"?>
<!-- Generated by org.testng.reporters.JUnitReportReporter -->
<testsuite hostname="LAPTOP-5KMFOFH9" failures="0" tests="1" name="com.DriverSession.CreateDriverSessionWithUiAutomator2Options" time="11.702" errors="0" timestamp="2024-12-02T20:59:05 IST" skipped="0">
  <testcase classname="com.DriverSession.CreateDriverSessionWithUiAutomator2Options" name="testDriverSession" time="11.702"/>
  <system-out/>
</testsuite> <!-- com.DriverSession.CreateDriverSessionWithUiAutomator2Options -->
